<?xml version="1.0" encoding="UTF-8"?>
<!-- Generated by org.testng.reporters.JUnitReportReporter -->
<testsuite hostname="DESKTOP-EN1BN05" failures="0" tests="3" name="project5testng.SecondTest" time="8.412" errors="0" timestamp="2023-07-18T15:51:14 TRT" skipped="0">
  <testcase classname="project5testng.SecondTest" name="openApp" time="7.077"/>
  <testcase classname="project5testng.SecondTest" name="login" time="1.035"/>
  <testcase classname="project5testng.SecondTest" name="closeApp" time="0.300"/>
</testsuite> <!-- project5testng.SecondTest -->
